<?xml version="1.0" encoding="UTF-8"?>
<!-- Generated by org.testng.reporters.JUnitXMLReporter -->
<testsuite ignored="0" hostname="LTIN261815" failures="0" tests="5" name="Test1" time="208.658" errors="0" timestamp="2024-02-16T15:37:49 IST">
  <testcase classname="TestCases.TC_001_FindDetailsOfBookShelves" name="searchbookshelves" time="43.654"/>
  <testcase classname="TestCases.TC_002_ItemsUnderLiving" name="Items" time="16.228"/>
  <testcase classname="TestCases.TC_003_GiftCards" name="ClickGiftCards" time="87.811"/>
  <testcase classname="TestCases.TC_003_GiftCards" name="GetErrorMsg" time="10.147"/>
  <testcase classname="TestCases.TC_003_GiftCards" name="ValidateDetails" time="18.669"/>
</testsuite> <!-- Test1 -->
