<?xml version="1.0" encoding="UTF-8"?>
<testng-results ignored="0" total="5" passed="5" failed="0" skipped="0">
  <reporter-output>
  </reporter-output>
  <suite started-at="2024-02-16T15:34:19 IST" name="Suite" finished-at="2024-02-16T15:37:48 IST" duration-ms="208658">
    <groups>
    </groups>
    <test started-at="2024-02-16T15:34:19 IST" name="Test1" finished-at="2024-02-16T15:37:48 IST" duration-ms="208658">
      <class name="TestCases.TC_003_GiftCards">
        <test-method is-config="true" signature="setUp(java.lang.String,java.lang.String)[pri:0, instance:TestCases.TC_003_GiftCards@6caf0677]" started-at="2024-02-16T15:34:21 IST" name="setUp" finished-at="2024-02-16T15:34:42 IST" duration-ms="21483" status="PASS">
          <params>
            <param index="0">
              <value>
                <![CDATA[Windows]]>
              </value>
            </param>
            <param index="1">
              <value>
                <![CDATA[chrome]]>
              </value>
            </param>
          </params>
          <reporter-output>
          </reporter-output>
        </test-method> <!-- setUp -->
        <test-method signature="searchbookshelves()[pri:1, instance:TestCases.TC_003_GiftCards@6caf0677]" started-at="2024-02-16T15:34:42 IST" name="searchbookshelves" finished-at="2024-02-16T15:35:26 IST" duration-ms="43654" status="PASS">
          <reporter-output>
          </reporter-output>
        </test-method> <!-- searchbookshelves -->
        <test-method signature="Items()[pri:2, instance:TestCases.TC_003_GiftCards@6caf0677]" started-at="2024-02-16T15:35:27 IST" name="Items" finished-at="2024-02-16T15:35:43 IST" duration-ms="16228" status="PASS">
          <reporter-output>
          </reporter-output>
        </test-method> <!-- Items -->
        <test-method signature="ClickGiftCards(java.lang.String,java.lang.String,java.lang.String,java.lang.String,java.lang.String,java.lang.String,java.lang.String,java.lang.String,java.lang.String,java.lang.String,java.lang.String)[pri:3, instance:TestCases.TC_003_GiftCards@6caf0677]" started-at="2024-02-16T15:35:47 IST" name="ClickGiftCards" data-provider="giftData" finished-at="2024-02-16T15:37:15 IST" duration-ms="87811" status="PASS">
          <params>
            <param index="0">
              <value>
                <![CDATA[1500]]>
              </value>
            </param>
            <param index="1">
              <value>
                <![CDATA[Sounak]]>
              </value>
            </param>
            <param index="2">
              <value>
                <![CDATA[sounak@gmail.com]]>
              </value>
            </param>
            <param index="3">
              <value>
                <![CDATA[9674358762]]>
              </value>
            </param>
            <param index="4">
              <value>
                <![CDATA[Rajarshi]]>
              </value>
            </param>
            <param index="5">
              <value>
                <![CDATA[rajarshi@gmail.com]]>
              </value>
            </param>
            <param index="6">
              <value>
                <![CDATA[9876543210]]>
              </value>
            </param>
            <param index="7">
              <value>
                <![CDATA[Kolkata]]>
              </value>
            </param>
            <param index="8">
              <value>
                <![CDATA[700078]]>
              </value>
            </param>
            <param index="9">
              <value>
                <![CDATA[Kolkata]]>
              </value>
            </param>
            <param index="10">
              <value>
                <![CDATA[sounak.fsfsx]]>
              </value>
            </param>
          </params>
          <reporter-output>
          </reporter-output>
        </test-method> <!-- ClickGiftCards -->
        <test-method signature="GetErrorMsg()[pri:4, instance:TestCases.TC_003_GiftCards@6caf0677]" started-at="2024-02-16T15:37:16 IST" name="GetErrorMsg" finished-at="2024-02-16T15:37:26 IST" duration-ms="10147" status="PASS">
          <reporter-output>
          </reporter-output>
        </test-method> <!-- GetErrorMsg -->
        <test-method signature="ValidateDetails(java.lang.String,java.lang.String,java.lang.String,java.lang.String,java.lang.String,java.lang.String,java.lang.String,java.lang.String,java.lang.String,java.lang.String,java.lang.String)[pri:5, instance:TestCases.TC_003_GiftCards@6caf0677]" started-at="2024-02-16T15:37:27 IST" name="ValidateDetails" data-provider="giftData" finished-at="2024-02-16T15:37:46 IST" duration-ms="18669" status="PASS">
          <params>
            <param index="0">
              <value>
                <![CDATA[1500]]>
              </value>
            </param>
            <param index="1">
              <value>
                <![CDATA[Sounak]]>
              </value>
            </param>
            <param index="2">
              <value>
                <![CDATA[sounak@gmail.com]]>
              </value>
            </param>
            <param index="3">
              <value>
                <![CDATA[9674358762]]>
              </value>
            </param>
            <param index="4">
              <value>
                <![CDATA[Rajarshi]]>
              </value>
            </param>
            <param index="5">
              <value>
                <![CDATA[rajarshi@gmail.com]]>
              </value>
            </param>
            <param index="6">
              <value>
                <![CDATA[9876543210]]>
              </value>
            </param>
            <param index="7">
              <value>
                <![CDATA[Kolkata]]>
              </value>
            </param>
            <param index="8">
              <value>
                <![CDATA[700078]]>
              </value>
            </param>
            <param index="9">
              <value>
                <![CDATA[Kolkata]]>
              </value>
            </param>
            <param index="10">
              <value>
                <![CDATA[sounak.fsfsx]]>
              </value>
            </param>
          </params>
          <reporter-output>
          </reporter-output>
        </test-method> <!-- ValidateDetails -->
        <test-method is-config="true" signature="tearDown()[pri:0, instance:TestCases.TC_003_GiftCards@6caf0677]" started-at="2024-02-16T15:37:47 IST" name="tearDown" finished-at="2024-02-16T15:37:48 IST" duration-ms="1437" status="PASS">
          <reporter-output>
          </reporter-output>
        </test-method> <!-- tearDown -->
      </class> <!-- TestCases.TC_003_GiftCards -->
    </test> <!-- Test1 -->
  </suite> <!-- Suite -->
</testng-results>
